<?xml version="1.0" encoding="UTF-8"?>
<testsuite name="TestSuite" time="12.618" tests="2" errors="0" skipped="0" failures="1">
  <properties>
[...]
</properties>
  <testcase name="loginTest" classname="com.inetbanking.testCases.TC_LoginTest_001_test" time="2.755"/>
  <testcase name="addingCustomer" classname="com.inetbanking.testCases.TC_AddNewCustomer_003_test" time="9.863">
    <failure message="expected [true] but found [false]" type="java.lang.AssertionError">java.lang.AssertionError: expected [true] but found [false]
	at org.testng.Assert.fail(Assert.java:99)
	at org.testng.Assert.failNotEquals(Assert.java:1037)
	at org.testng.Assert.assertTrue(Assert.java:45)
	at org.testng.Assert.assertTrue(Assert.java:55)
	at com.inetbanking.testCases.TC_AddNewCustomer_003_test.addingCustomer(TC_AddNewCustomer_003_test.java:65)
</failure>
    <system-out><![CDATA[qyPOpUPEgmail.com
msg is absent
Screenshot taken
]]></system-out>
    <system-err><![CDATA[Starting ChromeDriver 95.0.4638.69 (6a1600ed572fedecd573b6c2b90a22fe6392a410-refs/branch-heads/4638@{#984}) on port 63286
Only local connections are allowed.
Please see https://chromedriver.chromium.org/security-considerations for suggestions on keeping ChromeDriver safe.
ChromeDriver was started successfully.
[1638372080.047][WARNING]: This version of ChromeDriver has not been tested with Chrome version 96.
Dec 01, 2021 8:51:20 PM org.openqa.selenium.remote.ProtocolHandshake createSession
INFO: Detected dialect: W3C
Dec 01, 2021 8:51:20 PM org.openqa.selenium.devtools.CdpVersionFinder findNearestMatch
WARNING: Unable to find an exact match for CDP version 96, so returning the closest version found: 95
Dec 01, 2021 8:51:20 PM org.openqa.selenium.devtools.CdpVersionFinder findNearestMatch
INFO: Found CDP implementation for version 96 of 95
]]></system-err>
  </testcase>
</testsuite>