<?xml version="1.0" encoding="UTF-8"?>
<!-- Generated by org.testng.reporters.JUnitXMLReporter -->
<testsuite hostname="Jayashrees-MacBook-Air.local" ignored="0" name="Banking App Test(failed)" tests="5" failures="3" timestamp="2021-11-30T20:52:05 IST" time="43.947" errors="0">
  <testcase name="loginDDT" time="10.136" classname="com.inetbanking.testCases.TC_LoginTest_002_test"/>
  <testcase name="loginDDT" time="4.994" classname="com.inetbanking.testCases.TC_LoginTest_002_test">
    <failure type="java.lang.AssertionError" message="expected [true] but found [false]">
      <![CDATA[java.lang.AssertionError: expected [true] but found [false]
at com.inetbanking.testCases.TC_LoginTest_002_test.loginDDT(TC_LoginTest_002_test.java:34)
at java.util.ArrayList.forEach(ArrayList.java:1259)
... Removed 31 stack frames]]>
    </failure>
  </testcase> <!-- loginDDT -->
  <testcase name="loginDDT" time="5.078" classname="com.inetbanking.testCases.TC_LoginTest_002_test">
    <failure type="java.lang.AssertionError" message="expected [true] but found [false]">
      <![CDATA[java.lang.AssertionError: expected [true] but found [false]
at com.inetbanking.testCases.TC_LoginTest_002_test.loginDDT(TC_LoginTest_002_test.java:34)
at java.util.ArrayList.forEach(ArrayList.java:1259)
... Removed 31 stack frames]]>
    </failure>
  </testcase> <!-- loginDDT -->
  <testcase name="loginDDT" time="8.484" classname="com.inetbanking.testCases.TC_LoginTest_002_test"/>
  <testcase name="loginDDT" time="4.826" classname="com.inetbanking.testCases.TC_LoginTest_002_test">
    <failure type="java.lang.AssertionError" message="expected [true] but found [false]">
      <![CDATA[java.lang.AssertionError: expected [true] but found [false]
at com.inetbanking.testCases.TC_LoginTest_002_test.loginDDT(TC_LoginTest_002_test.java:34)
at java.util.ArrayList.forEach(ArrayList.java:1259)
... Removed 31 stack frames]]>
    </failure>
  </testcase> <!-- loginDDT -->
</testsuite> <!-- Banking App Test(failed) -->
